<?xml version="1.0" encoding="UTF-8"?>
<!-- Generated by org.testng.reporters.JUnitXMLReporter -->
<testsuite ignored="1" hostname="Gerald-PC" failures="0" tests="5" name="Test" time="0.038" errors="0" timestamp="06 Jan 2020 06:38:05 GMT">
  <testcase classname="WOG.AppiumTest" name="IOSApps" time="0.0"/>
  <testcase classname="WOG.AppiumTest" name="NativeAppAndroid" time="0.0"/>
  <testcase classname="WOG.RESTAPITest" name="deleteTwitter" time="0.0"/>
  <testcase classname="WOG.RESTAPITest" name="postJira" time="0.0"/>
  <testcase classname="WOG.SeleniumTest" name="BrowserAutomation" time="0.0"/>
  <testcase classname="WOG.SeleniumTest" name="elementsUi" time="0.0">
    <ignored/>
  </testcase> <!-- elementsUi -->
</testsuite> <!-- Test -->
